{"/Users/aaron/development/personal/roll-for-initiative/app/containers/heading/index.jsx": {"path":"/Users/aaron/development/personal/roll-for-initiative/app/containers/heading/index.jsx","statementMap":{"0":{"start":{"line":9,"column":20},"end":{"line":9,"column":41}},"1":{"start":{"line":10,"column":18},"end":{"line":10,"column":138}},"2":{"start":{"line":11,"column":25},"end":{"line":11,"column":77}},"3":{"start":{"line":13,"column":4},"end":{"line":20,"column":12}},"4":{"start":{"line":24,"column":0},"end":{"line":29,"column":2}},"5":{"start":{"line":31,"column":0},"end":{"line":34,"column":2}},"6":{"start":{"line":36,"column":34},"end":{"line":36,"column":44}}},"fnMap":{"0":{"name":"(anonymous_0)","decl":{"start":{"line":8,"column":2},"end":{"line":8,"column":3}},"loc":{"start":{"line":8,"column":11},"end":{"line":21,"column":3}}},"1":{"name":"(anonymous_1)","decl":{"start":{"line":36,"column":23},"end":{"line":36,"column":24}},"loc":{"start":{"line":36,"column":34},"end":{"line":36,"column":44}}}},"branchMap":{"0":{"loc":{"start":{"line":10,"column":18},"end":{"line":10,"column":138}},"type":"cond-expr","locations":[{"start":{"line":10,"column":37},"end":{"line":10,"column":131}},{"start":{"line":10,"column":134},"end":{"line":10,"column":138}}]},"1":{"loc":{"start":{"line":16,"column":42},"end":{"line":16,"column":73}},"type":"cond-expr","locations":[{"start":{"line":16,"column":61},"end":{"line":16,"column":66}},{"start":{"line":16,"column":69},"end":{"line":16,"column":73}}]},"2":{"loc":{"start":{"line":17,"column":40},"end":{"line":17,"column":70}},"type":"binary-expr","locations":[{"start":{"line":17,"column":40},"end":{"line":17,"column":59}},{"start":{"line":17,"column":63},"end":{"line":17,"column":70}}]},"3":{"loc":{"start":{"line":18,"column":15},"end":{"line":18,"column":61}},"type":"cond-expr","locations":[{"start":{"line":18,"column":42},"end":{"line":18,"column":54}},{"start":{"line":18,"column":57},"end":{"line":18,"column":61}}]}},"s":{"0":5,"1":5,"2":5,"3":5,"4":2,"5":2,"6":0},"f":{"0":5,"1":0},"b":{"0":[0,5],"1":[0,5],"2":[5,3],"3":[3,2]},"_coverageSchema":"332fd63041d2c1bcb487cc26dd0d5f7d97098a6c","hash":"766d5d01973f7191146fb7ca04c200700d62a3bd"}
,"/Users/aaron/development/personal/roll-for-initiative/app/containers/root/index.jsx": {"path":"/Users/aaron/development/personal/roll-for-initiative/app/containers/root/index.jsx","statementMap":{"0":{"start":{"line":7,"column":4},"end":{"line":11,"column":12}},"1":{"start":{"line":15,"column":0},"end":{"line":17,"column":2}},"2":{"start":{"line":19,"column":0},"end":{"line":21,"column":2}}},"fnMap":{"0":{"name":"(anonymous_0)","decl":{"start":{"line":6,"column":2},"end":{"line":6,"column":3}},"loc":{"start":{"line":6,"column":11},"end":{"line":12,"column":3}}}},"branchMap":{},"s":{"0":1,"1":1,"2":1},"f":{"0":1},"b":{},"_coverageSchema":"332fd63041d2c1bcb487cc26dd0d5f7d97098a6c","hash":"fb006fac4e3172b3d239795a4176383475b50cd5"}
,"/Users/aaron/development/personal/roll-for-initiative/app/containers/tools/Tools.dev.jsx": {"path":"/Users/aaron/development/personal/roll-for-initiative/app/containers/tools/Tools.dev.jsx","statementMap":{},"fnMap":{},"branchMap":{},"s":{},"f":{},"b":{},"_coverageSchema":"332fd63041d2c1bcb487cc26dd0d5f7d97098a6c","hash":"8365e2a35df82af460019196af87cba0c22059df"}
,"/Users/aaron/development/personal/roll-for-initiative/app/containers/tools/index.js": {"path":"/Users/aaron/development/personal/roll-for-initiative/app/containers/tools/index.js","statementMap":{"0":{"start":{"line":1,"column":0},"end":{"line":3,"column":25}}},"fnMap":{},"branchMap":{"0":{"loc":{"start":{"line":1,"column":17},"end":{"line":3,"column":24}},"type":"cond-expr","locations":[{"start":{"line":2,"column":2},"end":{"line":2,"column":25}},{"start":{"line":3,"column":2},"end":{"line":3,"column":24}}]}},"s":{"0":1},"f":{},"b":{"0":[0,1]},"_coverageSchema":"332fd63041d2c1bcb487cc26dd0d5f7d97098a6c","hash":"5be5893ffacfa8eba6d78837742b5ac9a215262e"}
,"/Users/aaron/development/personal/roll-for-initiative/app/firebase/config.js": {"path":"/Users/aaron/development/personal/roll-for-initiative/app/firebase/config.js","statementMap":{"0":{"start":{"line":1,"column":19},"end":{"line":6,"column":1}}},"fnMap":{},"branchMap":{"0":{"loc":{"start":{"line":16,"column":15},"end":{"line":16,"column":78}},"type":"cond-expr","locations":[{"start":{"line":16,"column":55},"end":{"line":16,"column":65}},{"start":{"line":16,"column":68},"end":{"line":16,"column":78}}]}},"s":{"0":3},"f":{},"b":{"0":[0,3]},"_coverageSchema":"332fd63041d2c1bcb487cc26dd0d5f7d97098a6c","hash":"4ebcad194721a4bdb24ded447e3efe50499b2e63"}
,"/Users/aaron/development/personal/roll-for-initiative/app/firebase/index.js": {"path":"/Users/aaron/development/personal/roll-for-initiative/app/firebase/index.js","statementMap":{"0":{"start":{"line":4,"column":27},"end":{"line":4,"column":65}},"1":{"start":{"line":5,"column":28},"end":{"line":5,"column":46}},"2":{"start":{"line":6,"column":26},"end":{"line":6,"column":48}}},"fnMap":{},"branchMap":{},"s":{"0":3,"1":3,"2":3},"f":{},"b":{},"_coverageSchema":"332fd63041d2c1bcb487cc26dd0d5f7d97098a6c","hash":"ca81e481f7d516d2498d5914964aced15f0b7918"}
,"/Users/aaron/development/personal/roll-for-initiative/app/reducers/auth/action-types.js": {"path":"/Users/aaron/development/personal/roll-for-initiative/app/reducers/auth/action-types.js","statementMap":{"0":{"start":{"line":1,"column":25},"end":{"line":1,"column":36}},"1":{"start":{"line":2,"column":31},"end":{"line":2,"column":48}},"2":{"start":{"line":3,"column":32},"end":{"line":3,"column":50}},"3":{"start":{"line":4,"column":29},"end":{"line":4,"column":44}}},"fnMap":{},"branchMap":{},"s":{"0":4,"1":4,"2":4,"3":4},"f":{},"b":{},"_coverageSchema":"332fd63041d2c1bcb487cc26dd0d5f7d97098a6c","hash":"15f906e502d8d66b6235ba6a3c07bbc1d32f72f1"}
,"/Users/aaron/development/personal/roll-for-initiative/app/reducers/auth/actions.js": {"path":"/Users/aaron/development/personal/roll-for-initiative/app/reducers/auth/actions.js","statementMap":{"0":{"start":{"line":12,"column":2},"end":{"line":15,"column":4}},"1":{"start":{"line":19,"column":2},"end":{"line":22,"column":4}},"2":{"start":{"line":26,"column":2},"end":{"line":28,"column":4}},"3":{"start":{"line":32,"column":2},"end":{"line":37,"column":4}},"4":{"start":{"line":33,"column":4},"end":{"line":36,"column":52}},"5":{"start":{"line":34,"column":22},"end":{"line":34,"column":53}},"6":{"start":{"line":35,"column":18},"end":{"line":35,"column":37}},"7":{"start":{"line":36,"column":22},"end":{"line":36,"column":50}},"8":{"start":{"line":41,"column":2},"end":{"line":44,"column":4}},"9":{"start":{"line":48,"column":2},"end":{"line":48,"column":62}},"10":{"start":{"line":53,"column":2},"end":{"line":53,"column":62}},"11":{"start":{"line":57,"column":2},"end":{"line":57,"column":64}},"12":{"start":{"line":61,"column":2},"end":{"line":61,"column":63}},"13":{"start":{"line":65,"column":2},"end":{"line":69,"column":4}},"14":{"start":{"line":66,"column":4},"end":{"line":68,"column":44}},"15":{"start":{"line":67,"column":18},"end":{"line":67,"column":44}},"16":{"start":{"line":68,"column":18},"end":{"line":68,"column":42}}},"fnMap":{"0":{"name":"signInSuccess","decl":{"start":{"line":11,"column":16},"end":{"line":11,"column":29}},"loc":{"start":{"line":11,"column":38},"end":{"line":16,"column":1}}},"1":{"name":"signInError","decl":{"start":{"line":18,"column":16},"end":{"line":18,"column":27}},"loc":{"start":{"line":18,"column":35},"end":{"line":23,"column":1}}},"2":{"name":"signOutSuccess","decl":{"start":{"line":25,"column":16},"end":{"line":25,"column":30}},"loc":{"start":{"line":25,"column":33},"end":{"line":29,"column":1}}},"3":{"name":"authenticate","decl":{"start":{"line":31,"column":9},"end":{"line":31,"column":21}},"loc":{"start":{"line":31,"column":32},"end":{"line":38,"column":1}}},"4":{"name":"(anonymous_4)","decl":{"start":{"line":32,"column":9},"end":{"line":32,"column":10}},"loc":{"start":{"line":32,"column":23},"end":{"line":37,"column":3}}},"5":{"name":"(anonymous_5)","decl":{"start":{"line":34,"column":12},"end":{"line":34,"column":13}},"loc":{"start":{"line":34,"column":22},"end":{"line":34,"column":53}}},"6":{"name":"(anonymous_6)","decl":{"start":{"line":35,"column":12},"end":{"line":35,"column":13}},"loc":{"start":{"line":35,"column":18},"end":{"line":35,"column":37}}},"7":{"name":"(anonymous_7)","decl":{"start":{"line":36,"column":13},"end":{"line":36,"column":14}},"loc":{"start":{"line":36,"column":22},"end":{"line":36,"column":50}}},"8":{"name":"initAuth","decl":{"start":{"line":40,"column":16},"end":{"line":40,"column":24}},"loc":{"start":{"line":40,"column":31},"end":{"line":45,"column":1}}},"9":{"name":"signInWithGithub","decl":{"start":{"line":47,"column":16},"end":{"line":47,"column":32}},"loc":{"start":{"line":47,"column":35},"end":{"line":49,"column":1}}},"10":{"name":"signInWithGoogle","decl":{"start":{"line":52,"column":16},"end":{"line":52,"column":32}},"loc":{"start":{"line":52,"column":35},"end":{"line":54,"column":1}}},"11":{"name":"signInWithFacebook","decl":{"start":{"line":56,"column":16},"end":{"line":56,"column":34}},"loc":{"start":{"line":56,"column":37},"end":{"line":58,"column":1}}},"12":{"name":"signInWithTwitter","decl":{"start":{"line":60,"column":16},"end":{"line":60,"column":33}},"loc":{"start":{"line":60,"column":36},"end":{"line":62,"column":1}}},"13":{"name":"signOut","decl":{"start":{"line":64,"column":16},"end":{"line":64,"column":23}},"loc":{"start":{"line":64,"column":26},"end":{"line":70,"column":1}}},"14":{"name":"(anonymous_14)","decl":{"start":{"line":65,"column":9},"end":{"line":65,"column":10}},"loc":{"start":{"line":65,"column":23},"end":{"line":69,"column":3}}},"15":{"name":"(anonymous_15)","decl":{"start":{"line":67,"column":12},"end":{"line":67,"column":13}},"loc":{"start":{"line":67,"column":18},"end":{"line":67,"column":44}}},"16":{"name":"(anonymous_16)","decl":{"start":{"line":68,"column":12},"end":{"line":68,"column":13}},"loc":{"start":{"line":68,"column":18},"end":{"line":68,"column":42}}}},"branchMap":{},"s":{"0":1,"1":1,"2":1,"3":0,"4":0,"5":0,"6":0,"7":0,"8":1,"9":0,"10":0,"11":0,"12":0,"13":0,"14":0,"15":0,"16":0},"f":{"0":1,"1":1,"2":1,"3":0,"4":0,"5":0,"6":0,"7":0,"8":1,"9":0,"10":0,"11":0,"12":0,"13":0,"14":0,"15":0,"16":0},"b":{},"_coverageSchema":"332fd63041d2c1bcb487cc26dd0d5f7d97098a6c","hash":"122d05c08122ba5adf161c6a0567bc9911a167b0"}
,"/Users/aaron/development/personal/roll-for-initiative/app/reducers/auth/reducer.js": {"path":"/Users/aaron/development/personal/roll-for-initiative/app/reducers/auth/reducer.js","statementMap":{"0":{"start":{"line":8,"column":25},"end":{"line":14,"column":1}},"1":{"start":{"line":17,"column":2},"end":{"line":37,"column":3}},"2":{"start":{"line":20,"column":6},"end":{"line":27,"column":8}},"3":{"start":{"line":29,"column":6},"end":{"line":29,"column":30}},"4":{"start":{"line":31,"column":6},"end":{"line":34,"column":8}},"5":{"start":{"line":36,"column":6},"end":{"line":36,"column":19}}},"fnMap":{"0":{"name":"authReducer","decl":{"start":{"line":16,"column":24},"end":{"line":16,"column":35}},"loc":{"start":{"line":16,"column":81},"end":{"line":38,"column":1}}}},"branchMap":{"0":{"loc":{"start":{"line":16,"column":36},"end":{"line":16,"column":60}},"type":"default-arg","locations":[{"start":{"line":16,"column":44},"end":{"line":16,"column":60}}]},"1":{"loc":{"start":{"line":17,"column":2},"end":{"line":37,"column":3}},"type":"switch","locations":[{"start":{"line":18,"column":4},"end":{"line":18,"column":19}},{"start":{"line":19,"column":4},"end":{"line":27,"column":8}},{"start":{"line":28,"column":4},"end":{"line":29,"column":30}},{"start":{"line":30,"column":4},"end":{"line":34,"column":8}},{"start":{"line":35,"column":4},"end":{"line":36,"column":19}}]},"2":{"loc":{"start":{"line":23,"column":12},"end":{"line":23,"column":40}},"type":"cond-expr","locations":[{"start":{"line":23,"column":22},"end":{"line":23,"column":33}},{"start":{"line":23,"column":36},"end":{"line":23,"column":40}}]},"3":{"loc":{"start":{"line":24,"column":18},"end":{"line":24,"column":54}},"type":"cond-expr","locations":[{"start":{"line":24,"column":28},"end":{"line":24,"column":47}},{"start":{"line":24,"column":50},"end":{"line":24,"column":54}}]},"4":{"loc":{"start":{"line":25,"column":15},"end":{"line":25,"column":48}},"type":"cond-expr","locations":[{"start":{"line":25,"column":25},"end":{"line":25,"column":41}},{"start":{"line":25,"column":44},"end":{"line":25,"column":48}}]},"5":{"loc":{"start":{"line":33,"column":15},"end":{"line":33,"column":52}},"type":"cond-expr","locations":[{"start":{"line":33,"column":25},"end":{"line":33,"column":45}},{"start":{"line":33,"column":48},"end":{"line":33,"column":52}}]}},"s":{"0":1,"1":7,"2":3,"3":2,"4":1,"5":1},"f":{"0":7},"b":{"0":[4],"1":[2,3,2,1,1],"2":[2,1],"3":[2,1],"4":[2,1],"5":[1,0]},"_coverageSchema":"332fd63041d2c1bcb487cc26dd0d5f7d97098a6c","hash":"f0bdcb63ef793722f3cdacf239b292cd44fb30f4"}
}
