TN:
SF:/Users/aaron/development/personal/roll-for-initiative/app/containers/heading/index.jsx
FN:8,(anonymous_0)
FN:36,(anonymous_1)
FNF:2
FNH:1
FNDA:5,(anonymous_0)
FNDA:0,(anonymous_1)
DA:9,5
DA:10,5
DA:11,5
DA:13,5
DA:24,2
DA:31,2
DA:36,0
LF:7
LH:6
BRDA:10,0,0,0
BRDA:10,0,1,5
BRDA:16,1,0,0
BRDA:16,1,1,5
BRDA:17,2,0,5
BRDA:17,2,1,3
BRDA:18,3,0,3
BRDA:18,3,1,2
BRF:8
BRH:6
end_of_record
TN:
SF:/Users/aaron/development/personal/roll-for-initiative/app/containers/root/index.jsx
FN:6,(anonymous_0)
FNF:1
FNH:1
FNDA:1,(anonymous_0)
DA:7,1
DA:15,1
DA:19,1
LF:3
LH:3
BRF:0
BRH:0
end_of_record
TN:
SF:/Users/aaron/development/personal/roll-for-initiative/app/containers/tools/Tools.dev.jsx
FNF:0
FNH:0
LF:0
LH:0
BRF:0
BRH:0
end_of_record
TN:
SF:/Users/aaron/development/personal/roll-for-initiative/app/containers/tools/index.js
FNF:0
FNH:0
DA:1,1
LF:1
LH:1
BRDA:1,0,0,0
BRDA:1,0,1,1
BRF:2
BRH:1
end_of_record
TN:
SF:/Users/aaron/development/personal/roll-for-initiative/app/firebase/config.js
FNF:0
FNH:0
DA:1,3
LF:1
LH:1
BRDA:16,0,0,0
BRDA:16,0,1,3
BRF:2
BRH:1
end_of_record
TN:
SF:/Users/aaron/development/personal/roll-for-initiative/app/firebase/index.js
FNF:0
FNH:0
DA:4,3
DA:5,3
DA:6,3
LF:3
LH:3
BRF:0
BRH:0
end_of_record
TN:
SF:/Users/aaron/development/personal/roll-for-initiative/app/reducers/auth/action-types.js
FNF:0
FNH:0
DA:1,4
DA:2,4
DA:3,4
DA:4,4
LF:4
LH:4
BRF:0
BRH:0
end_of_record
TN:
SF:/Users/aaron/development/personal/roll-for-initiative/app/reducers/auth/actions.js
FN:11,signInSuccess
FN:18,signInError
FN:25,signOutSuccess
FN:31,authenticate
FN:32,(anonymous_4)
FN:34,(anonymous_5)
FN:35,(anonymous_6)
FN:36,(anonymous_7)
FN:40,initAuth
FN:47,signInWithGithub
FN:52,signInWithGoogle
FN:56,signInWithFacebook
FN:60,signInWithTwitter
FN:64,signOut
FN:65,(anonymous_14)
FN:67,(anonymous_15)
FN:68,(anonymous_16)
FNF:17
FNH:4
FNDA:1,signInSuccess
FNDA:1,signInError
FNDA:1,signOutSuccess
FNDA:0,authenticate
FNDA:0,(anonymous_4)
FNDA:0,(anonymous_5)
FNDA:0,(anonymous_6)
FNDA:0,(anonymous_7)
FNDA:1,initAuth
FNDA:0,signInWithGithub
FNDA:0,signInWithGoogle
FNDA:0,signInWithFacebook
FNDA:0,signInWithTwitter
FNDA:0,signOut
FNDA:0,(anonymous_14)
FNDA:0,(anonymous_15)
FNDA:0,(anonymous_16)
DA:12,1
DA:19,1
DA:26,1
DA:32,0
DA:33,0
DA:34,0
DA:35,0
DA:36,0
DA:41,1
DA:48,0
DA:53,0
DA:57,0
DA:61,0
DA:65,0
DA:66,0
DA:67,0
DA:68,0
LF:17
LH:4
BRF:0
BRH:0
end_of_record
TN:
SF:/Users/aaron/development/personal/roll-for-initiative/app/reducers/auth/reducer.js
FN:16,authReducer
FNF:1
FNH:1
FNDA:7,authReducer
DA:8,1
DA:17,7
DA:20,3
DA:29,2
DA:31,1
DA:36,1
LF:6
LH:6
BRDA:16,0,0,4
BRDA:17,1,0,2
BRDA:17,1,1,3
BRDA:17,1,2,2
BRDA:17,1,3,1
BRDA:17,1,4,1
BRDA:23,2,0,2
BRDA:23,2,1,1
BRDA:24,3,0,2
BRDA:24,3,1,1
BRDA:25,4,0,2
BRDA:25,4,1,1
BRDA:33,5,0,1
BRDA:33,5,1,0
BRF:14
BRH:13
end_of_record
